2017-01-31 15:03:00.064  INFO 3009 --- [main] o.c.deployer.DeployerApplication         : Starting DeployerApplication v2.6.0-SNAPSHOT on Alfonso-Vasquez.local with PID 3009 (/Users/alfonsovasquez/Workspaces/IntelliJ/craftercms/deployer/target/crafter-deployer.jar started by alfonsovasquez in /Users/alfonsovasquez/Workspaces/IntelliJ/craftercms/deployer)
2017-01-31 15:03:00.081  INFO 3009 --- [main] o.c.deployer.DeployerApplication         : No active profile set, falling back to default profiles: default
2017-01-31 15:03:03.775  INFO 3009 --- [main] o.apache.catalina.core.StandardService   : Starting service Tomcat
2017-01-31 15:03:03.777  INFO 3009 --- [main] org.apache.catalina.core.StandardEngine  : Starting Servlet Engine: Apache Tomcat/8.5.6
2017-01-31 15:03:03.947  INFO 3009 --- [localhost-startStop-1] o.a.c.c.C.[Tomcat].[localhost].[/]       : Initializing Spring embedded WebApplicationContext
2017-01-31 15:04:15.460  INFO 3063 --- [main] org.craftercms.DeployerApplicationTests  : Starting DeployerApplicationTests on Alfonso-Vasquez.local with PID 3063 (started by alfonsovasquez in /Users/alfonsovasquez/Workspaces/IntelliJ/craftercms/deployer)
2017-01-31 15:04:15.465  INFO 3063 --- [main] org.craftercms.DeployerApplicationTests  : No active profile set, falling back to default profiles: default
2017-01-31 15:04:17.778  INFO 3063 --- [main] o.c.deployer.DeployerApplication         : Target scan scheduled with cron 0 * * * * *
2017-01-31 15:04:17.797  INFO 3063 --- [main] org.craftercms.DeployerApplicationTests  : Started DeployerApplicationTests in 2.869 seconds (JVM running for 3.472)
2017-01-31 15:04:17.835  INFO 3063 --- [Thread-1] o.c.deployer.impl.TargetServiceImpl      : Closing all targets...
2017-01-31 15:12:14.472  INFO 3487 --- [main] org.craftercms.DeployerApplicationTests  : Starting DeployerApplicationTests on Alfonso-Vasquez.local with PID 3487 (started by alfonsovasquez in /Users/alfonsovasquez/Workspaces/IntelliJ/craftercms/deployer)
2017-01-31 15:12:14.481  INFO 3487 --- [main] org.craftercms.DeployerApplicationTests  : No active profile set, falling back to default profiles: default
2017-01-31 15:12:17.685  INFO 3487 --- [main] o.c.deployer.DeployerApplication         : Target scan scheduled with cron 0 * * * * *
2017-01-31 15:12:17.706  INFO 3487 --- [main] org.craftercms.DeployerApplicationTests  : Started DeployerApplicationTests in 4.07 seconds (JVM running for 5.083)
2017-01-31 15:12:17.788  INFO 3487 --- [Thread-1] o.c.deployer.impl.TargetServiceImpl      : Closing all targets...
2017-01-31 15:20:22.688  INFO 3724 --- [main] org.craftercms.DeployerApplicationTests  : Starting DeployerApplicationTests on Alfonso-Vasquez.local with PID 3724 (started by alfonsovasquez in /Users/alfonsovasquez/Workspaces/IntelliJ/craftercms/deployer)
2017-01-31 15:20:22.692  INFO 3724 --- [main] org.craftercms.DeployerApplicationTests  : No active profile set, falling back to default profiles: default
2017-01-31 15:20:25.430  INFO 3724 --- [main] o.c.deployer.DeployerApplication         : Target scan scheduled with cron 0 * * * * *
2017-01-31 15:20:25.446  INFO 3724 --- [main] org.craftercms.DeployerApplicationTests  : Started DeployerApplicationTests in 3.511 seconds (JVM running for 4.442)
2017-01-31 15:20:25.493  INFO 3724 --- [Thread-1] o.c.deployer.impl.TargetServiceImpl      : Closing all targets...
2017-01-31 15:25:34.051  INFO 3904 --- [main] org.craftercms.DeployerApplicationTests  : Starting DeployerApplicationTests on Alfonso-Vasquez.local with PID 3904 (started by alfonsovasquez in /Users/alfonsovasquez/Workspaces/IntelliJ/craftercms/deployer)
2017-01-31 15:25:34.056  INFO 3904 --- [main] org.craftercms.DeployerApplicationTests  : No active profile set, falling back to default profiles: default
2017-01-31 15:25:37.512  INFO 3904 --- [main] o.c.deployer.DeployerApplication         : Target scan scheduled with cron 0 * * * * *
2017-01-31 15:25:37.542  INFO 3904 --- [main] org.craftercms.DeployerApplicationTests  : Started DeployerApplicationTests in 4.251 seconds (JVM running for 4.985)
2017-01-31 15:25:37.623  INFO 3904 --- [Thread-1] o.c.deployer.impl.TargetServiceImpl      : Closing all targets...
2017-01-31 15:32:26.741  INFO 4161 --- [main] org.craftercms.DeployerApplicationTests  : Starting DeployerApplicationTests on Alfonso-Vasquez.local with PID 4161 (started by alfonsovasquez in /Users/alfonsovasquez/Workspaces/IntelliJ/craftercms/deployer)
2017-01-31 15:32:26.746  INFO 4161 --- [main] org.craftercms.DeployerApplicationTests  : No active profile set, falling back to default profiles: default
2017-01-31 15:32:29.474  INFO 4161 --- [main] o.c.deployer.DeployerApplication         : Target scan scheduled with cron 0 * * * * *
2017-01-31 15:32:29.490  INFO 4161 --- [main] org.craftercms.DeployerApplicationTests  : Started DeployerApplicationTests in 3.436 seconds (JVM running for 4.148)
2017-01-31 15:32:29.543  INFO 4161 --- [Thread-1] o.c.deployer.impl.TargetServiceImpl      : Closing all targets...
2017-01-31 16:48:02.007  INFO 6379 --- [main] org.craftercms.DeployerApplicationTests  : Starting DeployerApplicationTests on Alfonso-Vasquez.local with PID 6379 (started by alfonsovasquez in /Users/alfonsovasquez/Workspaces/IntelliJ/craftercms/deployer)
2017-01-31 16:48:02.012  INFO 6379 --- [main] org.craftercms.DeployerApplicationTests  : No active profile set, falling back to default profiles: default
2017-01-31 16:48:04.694  INFO 6379 --- [main] o.c.deployer.DeployerApplication         : Target scan scheduled with cron 0 * * * * *
2017-01-31 16:48:04.712  INFO 6379 --- [main] org.craftercms.DeployerApplicationTests  : Started DeployerApplicationTests in 3.363 seconds (JVM running for 4.042)
2017-01-31 16:48:04.756  INFO 6379 --- [Thread-1] o.c.deployer.impl.TargetServiceImpl      : Closing all targets...
2017-01-31 17:05:57.342  INFO 6893 --- [main] org.craftercms.DeployerApplicationTests  : Starting DeployerApplicationTests on Alfonso-Vasquez.local with PID 6893 (started by alfonsovasquez in /Users/alfonsovasquez/Workspaces/IntelliJ/craftercms/deployer)
2017-01-31 17:05:57.348  INFO 6893 --- [main] org.craftercms.DeployerApplicationTests  : No active profile set, falling back to default profiles: default
2017-01-31 17:06:00.806  INFO 6893 --- [main] o.c.deployer.DeployerApplication         : Target scan scheduled with cron 0 * * * * *
2017-01-31 17:06:00.825  INFO 6893 --- [main] org.craftercms.DeployerApplicationTests  : Started DeployerApplicationTests in 4.174 seconds (JVM running for 4.949)
2017-01-31 17:06:00.871  INFO 6893 --- [Thread-1] o.c.deployer.impl.TargetServiceImpl      : Closing all targets...
2017-01-31 17:44:38.220  INFO 7944 --- [main] org.craftercms.DeployerApplicationTests  : Starting DeployerApplicationTests on Alfonso-Vasquez.local with PID 7944 (started by alfonsovasquez in /Users/alfonsovasquez/Workspaces/IntelliJ/craftercms/deployer)
2017-01-31 17:44:38.224  INFO 7944 --- [main] org.craftercms.DeployerApplicationTests  : No active profile set, falling back to default profiles: default
2017-01-31 17:44:41.177  INFO 7944 --- [main] o.c.deployer.DeployerApplication         : Target scan scheduled with cron 0 * * * * *
2017-01-31 17:44:41.197  INFO 7944 --- [main] org.craftercms.DeployerApplicationTests  : Started DeployerApplicationTests in 3.642 seconds (JVM running for 4.342)
2017-01-31 17:44:41.288  INFO 7944 --- [Thread-1] o.c.deployer.impl.TargetServiceImpl      : Closing all targets...
2017-01-31 17:49:51.471  INFO 8166 --- [main] org.craftercms.DeployerApplicationTests  : Starting DeployerApplicationTests on Alfonso-Vasquez.local with PID 8166 (started by alfonsovasquez in /Users/alfonsovasquez/Workspaces/IntelliJ/craftercms/deployer)
2017-01-31 17:49:51.479  INFO 8166 --- [main] org.craftercms.DeployerApplicationTests  : No active profile set, falling back to default profiles: default
2017-01-31 17:49:54.428  INFO 8166 --- [main] o.c.deployer.DeployerApplication         : Target scan scheduled with cron 0 * * * * *
2017-01-31 17:49:54.444  INFO 8166 --- [main] org.craftercms.DeployerApplicationTests  : Started DeployerApplicationTests in 3.642 seconds (JVM running for 4.48)
2017-01-31 17:49:54.490  INFO 8166 --- [Thread-1] o.c.deployer.impl.TargetServiceImpl      : Closing all targets...
2017-01-31 17:53:37.449  INFO 8327 --- [main] org.craftercms.DeployerApplicationTests  : Starting DeployerApplicationTests on Alfonso-Vasquez.local with PID 8327 (started by alfonsovasquez in /Users/alfonsovasquez/Workspaces/IntelliJ/craftercms/deployer)
2017-01-31 17:53:37.453  INFO 8327 --- [main] org.craftercms.DeployerApplicationTests  : No active profile set, falling back to default profiles: default
2017-01-31 17:53:40.614  INFO 8327 --- [main] o.c.deployer.DeployerApplication         : Target scan scheduled with cron 0 * * * * *
2017-01-31 17:53:40.633  INFO 8327 --- [main] org.craftercms.DeployerApplicationTests  : Started DeployerApplicationTests in 3.884 seconds (JVM running for 4.669)
2017-01-31 17:53:40.684  INFO 8327 --- [Thread-1] o.c.deployer.impl.TargetServiceImpl      : Closing all targets...
2017-01-31 17:59:24.382  INFO 8571 --- [main] org.craftercms.DeployerApplicationTests  : Starting DeployerApplicationTests on Alfonso-Vasquez.local with PID 8571 (started by alfonsovasquez in /Users/alfonsovasquez/Workspaces/IntelliJ/craftercms/deployer)
2017-01-31 17:59:24.386  INFO 8571 --- [main] org.craftercms.DeployerApplicationTests  : No active profile set, falling back to default profiles: default
2017-01-31 17:59:26.998  INFO 8571 --- [main] o.c.deployer.DeployerApplication         : Target scan scheduled with cron 0 * * * * *
2017-01-31 17:59:27.017  INFO 8571 --- [main] org.craftercms.DeployerApplicationTests  : Started DeployerApplicationTests in 3.295 seconds (JVM running for 3.967)
2017-01-31 17:59:27.098  INFO 8571 --- [Thread-1] o.c.deployer.impl.TargetServiceImpl      : Closing all targets...
